14:43:15 INFO  : Registering command handlers for SDK TCF services
14:43:17 INFO  : Launching XSCT server: xsct -n -interactive /home/fmlab3/vivado_projects/controllernewdynamic2/controllernewdynamic2.sdk/temp_xsdb_launch_script.tcl
14:43:18 INFO  : XSCT server has started successfully.
14:43:18 INFO  : Successfully done setting XSCT server connection channel  
14:43:18 INFO  : Successfully done setting SDK workspace  
14:43:19 INFO  : Processing command line option -hwspec /home/fmlab3/vivado_projects/controllernewdynamic2/controllernewdynamic2.sdk/conrtollernewdynamic2_wrapper.hdf.
14:51:37 ERROR : The Hardware Project referenced by this BSP (uartest_bsp) was not found in this workspace. As a result, this BSP will not build properly. To fix this error, please import the associated hardware project or recreate a new BSP targeting an existing hardware platform.
17:16:17 INFO  : Registering command handlers for SDK TCF services
17:16:19 INFO  : Launching XSCT server: xsct -n -interactive /home/fmlab3/vivado_projects/controllernewdynamic2/controllernewdynamic2.sdk/temp_xsdb_launch_script.tcl
17:16:23 INFO  : XSCT server has started successfully.
17:16:24 INFO  : Successfully done setting XSCT server connection channel  
17:16:24 INFO  : Successfully done setting SDK workspace  
17:16:24 INFO  : Processing command line option -hwspec /home/fmlab3/vivado_projects/controllernewdynamic2/controllernewdynamic2.sdk/conrtollernewdynamic2_wrapper.hdf.
17:16:24 INFO  : Checking for hwspec changes in the project conrtollernewdynamic2_wrapper_hw_platform_0.
09:49:18 INFO  : Registering command handlers for SDK TCF services
09:49:21 INFO  : Launching XSCT server: xsct -n -interactive /home/fmlab3/vivado_projects/controllernewdynamic2/controllernewdynamic2.sdk/temp_xsdb_launch_script.tcl
09:49:27 INFO  : XSCT server has started successfully.
09:49:27 INFO  : Successfully done setting XSCT server connection channel  
09:49:30 INFO  : Successfully done setting SDK workspace  
09:49:30 INFO  : Processing command line option -hwspec /home/fmlab3/vivado_projects/controllernewdynamic2/controllernewdynamic2.sdk/conrtollernewdynamic2_wrapper.hdf.
09:49:30 INFO  : Checking for hwspec changes in the project conrtollernewdynamic2_wrapper_hw_platform_0.
13:17:00 INFO  : Registering command handlers for SDK TCF services
13:17:01 INFO  : Launching XSCT server: xsct -n -interactive /home/fmlab3/vivado_projects/controllernewdynamic2/controllernewdynamic2.sdk/temp_xsdb_launch_script.tcl
13:17:02 INFO  : XSCT server has started successfully.
13:17:02 INFO  : Successfully done setting XSCT server connection channel  
13:17:02 INFO  : Successfully done setting SDK workspace  
13:17:02 INFO  : Processing command line option -hwspec /home/fmlab3/vivado_projects/controllernewdynamic2/controllernewdynamic2.sdk/conrtollernewdynamic2_wrapper.hdf.
13:17:02 INFO  : Checking for hwspec changes in the project conrtollernewdynamic2_wrapper_hw_platform_0.
19:23:27 ERROR : (XSDB Server)Hangup

16:44:40 INFO  : Registering command handlers for SDK TCF services
16:44:42 INFO  : Launching XSCT server: xsct -n -interactive /home/fmlab3/vivado_projects/controllernewdynamic2/controllernewdynamic2.sdk/temp_xsdb_launch_script.tcl
16:44:47 INFO  : XSCT server has started successfully.
16:44:47 INFO  : Successfully done setting XSCT server connection channel  
16:44:47 INFO  : Successfully done setting SDK workspace  
16:44:47 INFO  : Processing command line option -hwspec /home/fmlab3/vivado_projects/controllernewdynamic2/controllernewdynamic2.sdk/conrtollernewdynamic2_wrapper.hdf.
16:44:48 INFO  : Checking for hwspec changes in the project conrtollernewdynamic2_wrapper_hw_platform_0.
16:54:01 ERROR : (XSDB Server)exit due to repeated abort signals

16:59:05 INFO  : Registering command handlers for SDK TCF services
16:59:06 INFO  : Launching XSCT server: xsct -n -interactive /home/fmlab3/vivado_projects/controllernewdynamic2/controllernewdynamic2.sdk/temp_xsdb_launch_script.tcl
16:59:07 INFO  : XSCT server has started successfully.
16:59:07 INFO  : Successfully done setting XSCT server connection channel  
16:59:07 INFO  : Successfully done setting SDK workspace  
16:59:07 INFO  : Processing command line option -hwspec /home/fmlab3/vivado_projects/controllernewdynamic2/controllernewdynamic2.sdk/conrtollernewdynamic2_wrapper.hdf.
16:59:07 INFO  : Checking for hwspec changes in the project conrtollernewdynamic2_wrapper_hw_platform_0.
13:58:46 INFO  : Registering command handlers for SDK TCF services
13:58:46 INFO  : Launching XSCT server: xsct -n -interactive /home/fmlab3/vivado_projects/controllernewdynamic2/controllernewdynamic2.sdk/temp_xsdb_launch_script.tcl
13:58:47 INFO  : XSCT server has started successfully.
13:58:47 INFO  : Successfully done setting XSCT server connection channel  
13:58:47 INFO  : Successfully done setting SDK workspace  
13:58:47 INFO  : Processing command line option -hwspec /home/fmlab3/vivado_projects/controllernewdynamic2/controllernewdynamic2.sdk/conrtollernewdynamic2_wrapper.hdf.
13:58:47 INFO  : Checking for hwspec changes in the project conrtollernewdynamic2_wrapper_hw_platform_0.
09:35:32 INFO  : Registering command handlers for SDK TCF services
09:35:34 INFO  : Launching XSCT server: xsct -n -interactive /home/fmlab3/vivado_projects/controllernewdynamic2/controllernewdynamic2.sdk/temp_xsdb_launch_script.tcl
09:35:38 INFO  : XSCT server has started successfully.
09:35:38 INFO  : Successfully done setting XSCT server connection channel  
09:35:39 INFO  : Successfully done setting SDK workspace  
09:35:39 INFO  : Processing command line option -hwspec /home/fmlab3/vivado_projects/controllernewdynamic2/controllernewdynamic2.sdk/conrtollernewdynamic2_wrapper.hdf.
09:35:39 INFO  : Checking for hwspec changes in the project conrtollernewdynamic2_wrapper_hw_platform_0.
18:59:02 ERROR : (XSDB Server)Terminated

