
*** Running vivado
    with args -log conrtollernewdynamic2_newdynamics2_0_0.vds -m64 -product Vivado -mode batch -messageDb vivado.pb -notrace -source conrtollernewdynamic2_newdynamics2_0_0.tcl


****** Vivado v2017.1 (64-bit)
  **** SW Build 1846317 on Fri Apr 14 18:54:47 MDT 2017
  **** IP Build 1846188 on Fri Apr 14 20:52:08 MDT 2017
    ** Copyright 1986-2017 Xilinx, Inc. All Rights Reserved.

source conrtollernewdynamic2_newdynamics2_0_0.tcl -notrace
Command: synth_design -top conrtollernewdynamic2_newdynamics2_0_0 -part xc7z020clg484-1 -mode out_of_context
Starting synth_design
Attempting to get a license for feature 'Synthesis' and/or device 'xc7z020-clg484'
INFO: [Common 17-349] Got license for feature 'Synthesis' and/or device 'xc7z020-clg484'
INFO: Launching helper process for spawning children vivado processes
INFO: Helper process launched with PID 2242 
---------------------------------------------------------------------------------
Starting RTL Elaboration : Time (s): cpu = 00:00:03 ; elapsed = 00:00:03 . Memory (MB): peak = 1238.352 ; gain = 104.996 ; free physical = 24028 ; free virtual = 61625
---------------------------------------------------------------------------------
INFO: [Synth 8-638] synthesizing module 'conrtollernewdynamic2_newdynamics2_0_0' [/home/fmlab3/vivado_projects/controllernewdynamic2/controllernewdynamic2.srcs/sources_1/bd/conrtollernewdynamic2/ip/conrtollernewdynamic2_newdynamics2_0_0/synth/conrtollernewdynamic2_newdynamics2_0_0.v:56]
INFO: [Synth 8-638] synthesizing module 'newdynamics2_v1_0' [/home/fmlab3/vivado_projects/controllernewdynamic2/controllernewdynamic2.srcs/sources_1/bd/conrtollernewdynamic2/ipshared/8336/hdl/newdynamics2_v1_0.v:4]
	Parameter C_S00_AXI_DATA_WIDTH bound to: 32 - type: integer 
	Parameter C_S00_AXI_ADDR_WIDTH bound to: 4 - type: integer 
INFO: [Synth 8-638] synthesizing module 'newdynamics2_v1_0_S00_AXI' [/home/fmlab3/vivado_projects/controllernewdynamic2/controllernewdynamic2.srcs/sources_1/bd/conrtollernewdynamic2/ipshared/8336/hdl/newdynamics2_v1_0_S00_AXI.v:4]
	Parameter C_S_AXI_DATA_WIDTH bound to: 32 - type: integer 
	Parameter C_S_AXI_ADDR_WIDTH bound to: 4 - type: integer 
	Parameter ADDR_LSB bound to: 2 - type: integer 
	Parameter OPT_MEM_ADDR_BITS bound to: 1 - type: integer 
INFO: [Synth 8-226] default block is never used [/home/fmlab3/vivado_projects/controllernewdynamic2/controllernewdynamic2.srcs/sources_1/bd/conrtollernewdynamic2/ipshared/8336/hdl/newdynamics2_v1_0_S00_AXI.v:233]
INFO: [Synth 8-226] default block is never used [/home/fmlab3/vivado_projects/controllernewdynamic2/controllernewdynamic2.srcs/sources_1/bd/conrtollernewdynamic2/ipshared/8336/hdl/newdynamics2_v1_0_S00_AXI.v:374]
INFO: [Synth 8-638] synthesizing module 'bddWrapper' [/home/fmlab3/vivado_projects/controllernewdynamic2/controllernewdynamic2.srcs/sources_1/bd/conrtollernewdynamic2/ipshared/8336/src/bdd_myRobot.v:20]
INFO: [Synth 8-256] done synthesizing module 'bddWrapper' (1#1) [/home/fmlab3/vivado_projects/controllernewdynamic2/controllernewdynamic2.srcs/sources_1/bd/conrtollernewdynamic2/ipshared/8336/src/bdd_myRobot.v:20]
WARNING: [Synth 8-6014] Unused sequential element slv_reg1_reg was removed.  [/home/fmlab3/vivado_projects/controllernewdynamic2/controllernewdynamic2.srcs/sources_1/bd/conrtollernewdynamic2/ipshared/8336/hdl/newdynamics2_v1_0_S00_AXI.v:226]
WARNING: [Synth 8-6014] Unused sequential element byte_index was removed.  [/home/fmlab3/vivado_projects/controllernewdynamic2/controllernewdynamic2.srcs/sources_1/bd/conrtollernewdynamic2/ipshared/8336/hdl/newdynamics2_v1_0_S00_AXI.v:223]
INFO: [Synth 8-256] done synthesizing module 'newdynamics2_v1_0_S00_AXI' (2#1) [/home/fmlab3/vivado_projects/controllernewdynamic2/controllernewdynamic2.srcs/sources_1/bd/conrtollernewdynamic2/ipshared/8336/hdl/newdynamics2_v1_0_S00_AXI.v:4]
INFO: [Synth 8-256] done synthesizing module 'newdynamics2_v1_0' (3#1) [/home/fmlab3/vivado_projects/controllernewdynamic2/controllernewdynamic2.srcs/sources_1/bd/conrtollernewdynamic2/ipshared/8336/hdl/newdynamics2_v1_0.v:4]
INFO: [Synth 8-256] done synthesizing module 'conrtollernewdynamic2_newdynamics2_0_0' (4#1) [/home/fmlab3/vivado_projects/controllernewdynamic2/controllernewdynamic2.srcs/sources_1/bd/conrtollernewdynamic2/ip/conrtollernewdynamic2_newdynamics2_0_0/synth/conrtollernewdynamic2_newdynamics2_0_0.v:56]
WARNING: [Synth 8-3331] design newdynamics2_v1_0_S00_AXI has unconnected port S_AXI_AWPROT[2]
WARNING: [Synth 8-3331] design newdynamics2_v1_0_S00_AXI has unconnected port S_AXI_AWPROT[1]
WARNING: [Synth 8-3331] design newdynamics2_v1_0_S00_AXI has unconnected port S_AXI_AWPROT[0]
WARNING: [Synth 8-3331] design newdynamics2_v1_0_S00_AXI has unconnected port S_AXI_ARPROT[2]
WARNING: [Synth 8-3331] design newdynamics2_v1_0_S00_AXI has unconnected port S_AXI_ARPROT[1]
WARNING: [Synth 8-3331] design newdynamics2_v1_0_S00_AXI has unconnected port S_AXI_ARPROT[0]
---------------------------------------------------------------------------------
Finished RTL Elaboration : Time (s): cpu = 00:01:21 ; elapsed = 00:01:22 . Memory (MB): peak = 1729.117 ; gain = 595.762 ; free physical = 23708 ; free virtual = 61310
---------------------------------------------------------------------------------

Report Check Netlist: 
+------+------------------+-------+---------+-------+------------------+
|      |Item              |Errors |Warnings |Status |Description       |
+------+------------------+-------+---------+-------+------------------+
|1     |multi_driven_nets |      0|        0|Passed |Multi driven nets |
+------+------------------+-------+---------+-------+------------------+
---------------------------------------------------------------------------------
Finished RTL Optimization Phase 1 : Time (s): cpu = 00:01:26 ; elapsed = 00:01:27 . Memory (MB): peak = 1729.117 ; gain = 595.762 ; free physical = 23804 ; free virtual = 61406
---------------------------------------------------------------------------------
INFO: [Device 21-403] Loading part xc7z020clg484-1
INFO: [Project 1-570] Preparing netlist for logic optimization

Processing XDC Constraints
Initializing timing engine
Completed Processing XDC Constraints

INFO: [Project 1-111] Unisim Transformation Summary:
No Unisim elements were transformed.

Constraint Validation Runtime : Time (s): cpu = 00:00:00.11 ; elapsed = 00:00:00.06 . Memory (MB): peak = 1966.953 ; gain = 0.000 ; free physical = 23436 ; free virtual = 61039
---------------------------------------------------------------------------------
Finished Constraint Validation : Time (s): cpu = 00:01:37 ; elapsed = 00:01:38 . Memory (MB): peak = 1966.953 ; gain = 833.598 ; free physical = 23623 ; free virtual = 61226
---------------------------------------------------------------------------------
INFO: [Synth 8-5580] Multithreading enabled for synth_design using a maximum of 4 processes.
---------------------------------------------------------------------------------
Finished RTL Optimization Phase 2 : Time (s): cpu = 00:02:33 ; elapsed = 00:02:35 . Memory (MB): peak = 1966.953 ; gain = 833.598 ; free physical = 22085 ; free virtual = 59699
---------------------------------------------------------------------------------

Report RTL Partitions: 
+-+--------------+------------+----------+
| |RTL Partition |Replication |Instances |
+-+--------------+------------+----------+
+-+--------------+------------+----------+
---------------------------------------------------------------------------------
Start RTL Component Statistics 
---------------------------------------------------------------------------------
Detailed RTL Component Info : 
+---Registers : 
	               32 Bit    Registers := 4     
	                4 Bit    Registers := 2     
	                2 Bit    Registers := 2     
	                1 Bit    Registers := 6     
+---Muxes : 
	   2 Input     32 Bit        Muxes := 3     
	   4 Input     32 Bit        Muxes := 4     
	   2 Input      1 Bit        Muxes := 5     
---------------------------------------------------------------------------------
Finished RTL Component Statistics 
---------------------------------------------------------------------------------
---------------------------------------------------------------------------------
Start RTL Hierarchical Component Statistics 
---------------------------------------------------------------------------------
Hierarchical RTL Component report 
Module newdynamics2_v1_0_S00_AXI 
Detailed RTL Component Info : 
+---Registers : 
	               32 Bit    Registers := 4     
	                4 Bit    Registers := 2     
	                2 Bit    Registers := 2     
	                1 Bit    Registers := 6     
+---Muxes : 
	   2 Input     32 Bit        Muxes := 3     
	   4 Input     32 Bit        Muxes := 4     
	   2 Input      1 Bit        Muxes := 5     
---------------------------------------------------------------------------------
Finished RTL Hierarchical Component Statistics
---------------------------------------------------------------------------------
---------------------------------------------------------------------------------
Start Part Resource Summary
---------------------------------------------------------------------------------
Part Resources:
DSPs: 220 (col length:60)
BRAMs: 280 (col length: RAMB18 60 RAMB36 30)
---------------------------------------------------------------------------------
Finished Part Resource Summary
---------------------------------------------------------------------------------
---------------------------------------------------------------------------------
Start Cross Boundary and Area Optimization
---------------------------------------------------------------------------------
WARNING: [Synth 8-3331] design conrtollernewdynamic2_newdynamics2_0_0 has unconnected port s00_axi_awprot[2]
WARNING: [Synth 8-3331] design conrtollernewdynamic2_newdynamics2_0_0 has unconnected port s00_axi_awprot[1]
WARNING: [Synth 8-3331] design conrtollernewdynamic2_newdynamics2_0_0 has unconnected port s00_axi_awprot[0]
WARNING: [Synth 8-3331] design conrtollernewdynamic2_newdynamics2_0_0 has unconnected port s00_axi_arprot[2]
WARNING: [Synth 8-3331] design conrtollernewdynamic2_newdynamics2_0_0 has unconnected port s00_axi_arprot[1]
WARNING: [Synth 8-3331] design conrtollernewdynamic2_newdynamics2_0_0 has unconnected port s00_axi_arprot[0]
INFO: [Synth 8-3886] merging instance 'inst/newdynamics2_v1_0_S00_AXI_inst/axi_rresp_reg[0]' (FDRE) to 'inst/newdynamics2_v1_0_S00_AXI_inst/axi_rresp_reg[1]'
INFO: [Synth 8-3333] propagating constant 0 across sequential element (\inst/newdynamics2_v1_0_S00_AXI_inst/axi_rresp_reg[1] )
INFO: [Synth 8-3886] merging instance 'inst/newdynamics2_v1_0_S00_AXI_inst/axi_bresp_reg[0]' (FDRE) to 'inst/newdynamics2_v1_0_S00_AXI_inst/axi_bresp_reg[1]'
INFO: [Synth 8-3333] propagating constant 0 across sequential element (\inst/newdynamics2_v1_0_S00_AXI_inst/axi_bresp_reg[1] )
INFO: [Synth 8-3332] Sequential element (inst/newdynamics2_v1_0_S00_AXI_inst/axi_bresp_reg[1]) is unused and will be removed from module conrtollernewdynamic2_newdynamics2_0_0.
INFO: [Synth 8-3332] Sequential element (inst/newdynamics2_v1_0_S00_AXI_inst/axi_awaddr_reg[1]) is unused and will be removed from module conrtollernewdynamic2_newdynamics2_0_0.
INFO: [Synth 8-3332] Sequential element (inst/newdynamics2_v1_0_S00_AXI_inst/axi_awaddr_reg[0]) is unused and will be removed from module conrtollernewdynamic2_newdynamics2_0_0.
INFO: [Synth 8-3332] Sequential element (inst/newdynamics2_v1_0_S00_AXI_inst/axi_araddr_reg[1]) is unused and will be removed from module conrtollernewdynamic2_newdynamics2_0_0.
INFO: [Synth 8-3332] Sequential element (inst/newdynamics2_v1_0_S00_AXI_inst/axi_araddr_reg[0]) is unused and will be removed from module conrtollernewdynamic2_newdynamics2_0_0.
INFO: [Synth 8-3332] Sequential element (inst/newdynamics2_v1_0_S00_AXI_inst/axi_rresp_reg[1]) is unused and will be removed from module conrtollernewdynamic2_newdynamics2_0_0.
---------------------------------------------------------------------------------
Finished Cross Boundary and Area Optimization : Time (s): cpu = 00:02:51 ; elapsed = 00:02:54 . Memory (MB): peak = 2225.859 ; gain = 1092.504 ; free physical = 21902 ; free virtual = 59510
---------------------------------------------------------------------------------

Report RTL Partitions: 
+-+--------------+------------+----------+
| |RTL Partition |Replication |Instances |
+-+--------------+------------+----------+
+-+--------------+------------+----------+
---------------------------------------------------------------------------------
Start Applying XDC Timing Constraints
---------------------------------------------------------------------------------
---------------------------------------------------------------------------------
Finished Applying XDC Timing Constraints : Time (s): cpu = 00:02:56 ; elapsed = 00:02:58 . Memory (MB): peak = 2225.859 ; gain = 1092.504 ; free physical = 21787 ; free virtual = 59399
---------------------------------------------------------------------------------
---------------------------------------------------------------------------------
Start Timing Optimization
---------------------------------------------------------------------------------
---------------------------------------------------------------------------------
Finished Timing Optimization : Time (s): cpu = 00:02:57 ; elapsed = 00:02:59 . Memory (MB): peak = 2225.859 ; gain = 1092.504 ; free physical = 21786 ; free virtual = 59398
---------------------------------------------------------------------------------

Report RTL Partitions: 
+-+--------------+------------+----------+
| |RTL Partition |Replication |Instances |
+-+--------------+------------+----------+
+-+--------------+------------+----------+
---------------------------------------------------------------------------------
Start Technology Mapping
---------------------------------------------------------------------------------
---------------------------------------------------------------------------------
Finished Technology Mapping : Time (s): cpu = 00:03:01 ; elapsed = 00:03:04 . Memory (MB): peak = 2343.875 ; gain = 1210.520 ; free physical = 21792 ; free virtual = 59408
---------------------------------------------------------------------------------

Report RTL Partitions: 
+-+--------------+------------+----------+
| |RTL Partition |Replication |Instances |
+-+--------------+------------+----------+
+-+--------------+------------+----------+
---------------------------------------------------------------------------------
Start IO Insertion
---------------------------------------------------------------------------------
---------------------------------------------------------------------------------
Start Flattening Before IO Insertion
---------------------------------------------------------------------------------
---------------------------------------------------------------------------------
Finished Flattening Before IO Insertion
---------------------------------------------------------------------------------
---------------------------------------------------------------------------------
Start Final Netlist Cleanup
---------------------------------------------------------------------------------
---------------------------------------------------------------------------------
Finished Final Netlist Cleanup
---------------------------------------------------------------------------------
---------------------------------------------------------------------------------
Finished IO Insertion : Time (s): cpu = 00:03:12 ; elapsed = 00:03:15 . Memory (MB): peak = 2343.875 ; gain = 1210.520 ; free physical = 21797 ; free virtual = 59408
---------------------------------------------------------------------------------

Report Check Netlist: 
+------+------------------+-------+---------+-------+------------------+
|      |Item              |Errors |Warnings |Status |Description       |
+------+------------------+-------+---------+-------+------------------+
|1     |multi_driven_nets |      0|        0|Passed |Multi driven nets |
+------+------------------+-------+---------+-------+------------------+
---------------------------------------------------------------------------------
Start Renaming Generated Instances
---------------------------------------------------------------------------------
---------------------------------------------------------------------------------
Finished Renaming Generated Instances : Time (s): cpu = 00:03:12 ; elapsed = 00:03:15 . Memory (MB): peak = 2343.875 ; gain = 1210.520 ; free physical = 21797 ; free virtual = 59408
---------------------------------------------------------------------------------

Report RTL Partitions: 
+-+--------------+------------+----------+
| |RTL Partition |Replication |Instances |
+-+--------------+------------+----------+
+-+--------------+------------+----------+
---------------------------------------------------------------------------------
Start Rebuilding User Hierarchy
---------------------------------------------------------------------------------
---------------------------------------------------------------------------------
Finished Rebuilding User Hierarchy : Time (s): cpu = 00:03:12 ; elapsed = 00:03:15 . Memory (MB): peak = 2343.875 ; gain = 1210.520 ; free physical = 21797 ; free virtual = 59408
---------------------------------------------------------------------------------
---------------------------------------------------------------------------------
Start Renaming Generated Ports
---------------------------------------------------------------------------------
---------------------------------------------------------------------------------
Finished Renaming Generated Ports : Time (s): cpu = 00:03:12 ; elapsed = 00:03:15 . Memory (MB): peak = 2343.875 ; gain = 1210.520 ; free physical = 21797 ; free virtual = 59408
---------------------------------------------------------------------------------
---------------------------------------------------------------------------------
Start Handling Custom Attributes
---------------------------------------------------------------------------------
---------------------------------------------------------------------------------
Finished Handling Custom Attributes : Time (s): cpu = 00:03:13 ; elapsed = 00:03:16 . Memory (MB): peak = 2343.875 ; gain = 1210.520 ; free physical = 21785 ; free virtual = 59395
---------------------------------------------------------------------------------
---------------------------------------------------------------------------------
Start Renaming Generated Nets
---------------------------------------------------------------------------------
---------------------------------------------------------------------------------
Finished Renaming Generated Nets : Time (s): cpu = 00:03:13 ; elapsed = 00:03:16 . Memory (MB): peak = 2343.875 ; gain = 1210.520 ; free physical = 21784 ; free virtual = 59395
---------------------------------------------------------------------------------
---------------------------------------------------------------------------------
Start Writing Synthesis Report
---------------------------------------------------------------------------------

Report BlackBoxes: 
+-+--------------+----------+
| |BlackBox name |Instances |
+-+--------------+----------+
+-+--------------+----------+

Report Cell Usage: 
+------+------+------+
|      |Cell  |Count |
+------+------+------+
|1     |LUT1  |     1|
|2     |LUT2  |   178|
|3     |LUT3  |   177|
|4     |LUT4  |   306|
|5     |LUT5  |  1600|
|6     |LUT6  |  9218|
|7     |MUXF7 |   311|
|8     |MUXF8 |    10|
|9     |FDRE  |   377|
|10    |FDSE  |     1|
+------+------+------+

Report Instance Areas: 
+------+-----------------------------------+--------------------------+------+
|      |Instance                           |Module                    |Cells |
+------+-----------------------------------+--------------------------+------+
|1     |top                                |                          | 12179|
|2     |  inst                             |newdynamics2_v1_0         | 12179|
|3     |    newdynamics2_v1_0_S00_AXI_inst |newdynamics2_v1_0_S00_AXI | 12179|
|4     |      UIP                          |bddWrapper                |  9730|
+------+-----------------------------------+--------------------------+------+
---------------------------------------------------------------------------------
Finished Writing Synthesis Report : Time (s): cpu = 00:03:13 ; elapsed = 00:03:16 . Memory (MB): peak = 2343.875 ; gain = 1210.520 ; free physical = 21784 ; free virtual = 59394
---------------------------------------------------------------------------------
Synthesis finished with 0 errors, 0 critical warnings and 6 warnings.
Synthesis Optimization Runtime : Time (s): cpu = 00:03:07 ; elapsed = 00:03:14 . Memory (MB): peak = 2347.785 ; gain = 976.594 ; free physical = 23511 ; free virtual = 61121
Synthesis Optimization Complete : Time (s): cpu = 00:03:13 ; elapsed = 00:03:20 . Memory (MB): peak = 2347.785 ; gain = 1214.430 ; free physical = 23511 ; free virtual = 61121
INFO: [Project 1-571] Translating synthesized netlist
INFO: [Project 1-570] Preparing netlist for logic optimization
INFO: [Opt 31-138] Pushed 0 inverter(s) to 0 load pin(s).
INFO: [Project 1-111] Unisim Transformation Summary:
No Unisim elements were transformed.

29 Infos, 14 Warnings, 0 Critical Warnings and 0 Errors encountered.
synth_design completed successfully
synth_design: Time (s): cpu = 00:03:15 ; elapsed = 00:03:22 . Memory (MB): peak = 2383.895 ; gain = 1263.125 ; free physical = 23657 ; free virtual = 61267
INFO: [Common 17-1381] The checkpoint '/home/fmlab3/vivado_projects/controllernewdynamic2/controllernewdynamic2.runs/conrtollernewdynamic2_newdynamics2_0_0_synth_1/conrtollernewdynamic2_newdynamics2_0_0.dcp' has been generated.
