#-----------------------------------------------------------
# Webtalk v2017.1 (64-bit)
# SW Build 1846317 on Fri Apr 14 18:54:47 MDT 2017
# 
# Start of session at: Mon Jul  3 19:14:26 2017
# Process ID: 24562
# Current directory: /home/fmlab3/vivado_projects/controllernewdynamic2/controllernewdynamic2.sdk/webtalk
# Command line: wbtcv -mode batch -source sdk_webtalk.tcl
# Log file: /home/fmlab3/vivado_projects/controllernewdynamic2/controllernewdynamic2.sdk/webtalk/webtalk.log
# Journal file: /home/fmlab3/vivado_projects/controllernewdynamic2/controllernewdynamic2.sdk/webtalk/webtalk.jou
#-----------------------------------------------------------
source sdk_webtalk.tcl
# webtalk_init -webtalk_dir /home/fmlab3/vivado_projects/controllernewdynamic2/controllernewdynamic2.sdk/webtalk
# webtalk_register_client -client project
# webtalk_add_data -client project -key date_generated -value "2017-07-03 19:14:26" -context "software_version_and_target_device"
# webtalk_add_data -client project -key product_version -value "SDK v2017.1" -context "software_version_and_target_device"
# webtalk_add_data -client project -key build_version -value "2017.1" -context "software_version_and_target_device"
# webtalk_add_data -client project -key os_platform -value "amd64" -context "software_version_and_target_device"
# webtalk_add_data -client project -key registration_id -value "211269612_1777521343_210643988_963" -context "software_version_and_target_device"
# webtalk_add_data -client project -key tool_flow -value "SDK" -context "software_version_and_target_device"
# webtalk_add_data -client project -key beta -value "false" -context "software_version_and_target_device"
# webtalk_add_data -client project -key route_design -value "NA" -context "software_version_and_target_device"
# webtalk_add_data -client project -key target_family -value "NA" -context "software_version_and_target_device"
# webtalk_add_data -client project -key target_device -value "NA" -context "software_version_and_target_device"
# webtalk_add_data -client project -key target_package -value "NA" -context "software_version_and_target_device"
# webtalk_add_data -client project -key target_speed -value "NA" -context "software_version_and_target_device"
# webtalk_add_data -client project -key random_id -value "epd0t23ks31lb4c0ljpnesnors" -context "software_version_and_target_device"
# webtalk_add_data -client project -key project_id -value "2017.1_18" -context "software_version_and_target_device"
# webtalk_add_data -client project -key project_iteration -value "18" -context "software_version_and_target_device"
# webtalk_add_data -client project -key os_name -value "Ubuntu" -context "user_environment"
# webtalk_add_data -client project -key os_release -value "Ubuntu 16.04.2 LTS" -context "user_environment"
# webtalk_add_data -client project -key cpu_name -value "Intel(R) Core(TM) i7-4790 CPU @ 3.60GHz" -context "user_environment"
# webtalk_add_data -client project -key cpu_speed -value "3673.968 MHz" -context "user_environment"
# webtalk_add_data -client project -key total_processors -value "1" -context "user_environment"
# webtalk_add_data -client project -key system_ram -value "33,000 GB" -context "user_environment"
# webtalk_register_client -client sdk
# webtalk_add_data -client sdk -key uid -value "1499095013000" -context "sdk\\\\application/1499095013000"
# webtalk_add_data -client sdk -key os -value "linux" -context "sdk\\\\application/1499095013000"
# webtalk_add_data -client sdk -key apptemplate -value "linux_hello_world" -context "sdk\\\\application/1499095013000"
# webtalk_add_data -client sdk -key RecordType -value "APPCreation" -context "sdk\\\\application/1499095013000"
# webtalk_add_data -client sdk -key LangUsed -value "C" -context "sdk\\\\application/1499095013000"
# webtalk_add_data -client sdk -key Procused -value "" -context "sdk\\\\application/1499095013000"
# webtalk_add_data -client sdk -key projSize -value "96.046875" -context "sdk\\\\application/1499095013000"
# webtalk_add_data -client sdk -key uid -value "NA" -context "sdk\\\\bsp/1499102066010"
# webtalk_add_data -client sdk -key RecordType -value "ToolUsage" -context "sdk\\\\bsp/1499102066010"
# webtalk_add_data -client sdk -key BootgenCount -value "0" -context "sdk\\\\bsp/1499102066010"
# webtalk_add_data -client sdk -key DebugCount -value "0" -context "sdk\\\\bsp/1499102066010"
# webtalk_add_data -client sdk -key PerfCount -value "0" -context "sdk\\\\bsp/1499102066010"
# webtalk_add_data -client sdk -key FlashCount -value "0" -context "sdk\\\\bsp/1499102066010"
# webtalk_add_data -client sdk -key CrossTriggCount -value "0" -context "sdk\\\\bsp/1499102066010"
# webtalk_add_data -client sdk -key QemuDebugCount -value "0" -context "sdk\\\\bsp/1499102066010"
# webtalk_transmit -clientid 2302162248 -regid "211269612_1777521343_210643988_963" -xml /home/fmlab3/vivado_projects/controllernewdynamic2/controllernewdynamic2.sdk/webtalk/usage_statistics_ext_sdk.xml -html /home/fmlab3/vivado_projects/controllernewdynamic2/controllernewdynamic2.sdk/webtalk/usage_statistics_ext_sdk.html -wdm /home/fmlab3/vivado_projects/controllernewdynamic2/controllernewdynamic2.sdk/webtalk/sdk_webtalk.wdm -intro "<H3>SDK Usage Report</H3><BR>"
INFO: [Common 17-186] '/home/fmlab3/vivado_projects/controllernewdynamic2/controllernewdynamic2.sdk/webtalk/usage_statistics_ext_sdk.xml' has been successfully sent to Xilinx on Mon Jul  3 19:14:29 2017. For additional details about this file, please refer to the WebTalk help file at /home/fmlab3/vivado_installed/SDK/2017.1/doc/webtalk_introduction.html.
# webtalk_terminate
INFO: [Common 17-206] Exiting Webtalk at Mon Jul  3 19:14:29 2017...
