Copyright 1986-2017 Xilinx, Inc. All Rights Reserved.
----------------------------------------------------------------------------------------------------------
| Tool Version : Vivado v.2017.1 (lin64) Build 1846317 Fri Apr 14 18:54:47 MDT 2017
| Date         : Fri Jun 30 14:36:27 2017
| Host         : fmlab3 running 64-bit Ubuntu 16.04.2 LTS
| Command      : report_control_sets -verbose -file conrtollernewdynamic2_wrapper_control_sets_placed.rpt
| Design       : conrtollernewdynamic2_wrapper
| Device       : xc7z020
----------------------------------------------------------------------------------------------------------

Control Set Information

Table of Contents
-----------------
1. Summary
2. Flip-Flop Distribution
3. Detailed Control Set Information

1. Summary
----------

+----------------------------------------------------------+-------+
|                          Status                          | Count |
+----------------------------------------------------------+-------+
| Number of unique control sets                            |    41 |
| Unused register locations in slices containing registers |    87 |
+----------------------------------------------------------+-------+


2. Flip-Flop Distribution
-------------------------

+--------------+-----------------------+------------------------+-----------------+--------------+
| Clock Enable | Synchronous Set/Reset | Asynchronous Set/Reset | Total Registers | Total Slices |
+--------------+-----------------------+------------------------+-----------------+--------------+
| No           | No                    | No                     |             101 |           36 |
| No           | No                    | Yes                    |               0 |            0 |
| No           | Yes                   | No                     |              78 |           21 |
| Yes          | No                    | No                     |             272 |           69 |
| Yes          | No                    | Yes                    |               0 |            0 |
| Yes          | Yes                   | No                     |             390 |          288 |
+--------------+-----------------------+------------------------+-----------------+--------------+


3. Detailed Control Set Information
-----------------------------------

+--------------------------------------------------------------+----------------------------------------------------------------------------------------------------------------------------------------------------------------------------+-------------------------------------------------------------------------------------------------------------------------------------------------------+------------------+----------------+
|                         Clock Signal                         |                                                                                Enable Signal                                                                               |                                                                    Set/Reset Signal                                                                   | Slice Load Count | Bel Load Count |
+--------------------------------------------------------------+----------------------------------------------------------------------------------------------------------------------------------------------------------------------------+-------------------------------------------------------------------------------------------------------------------------------------------------------+------------------+----------------+
|  conrtollernewdynamic2_i/processing_system7_0/inst/FCLK_CLK0 | conrtollernewdynamic2_i/ps7_0_axi_periph/s00_couplers/auto_pc/inst/gen_axilite.gen_b2s_conv.axilite_b2s/WR.b_channel_0/bid_fifo_0/bresp_push                               |                                                                                                                                                       |                1 |              2 |
|  conrtollernewdynamic2_i/processing_system7_0/inst/FCLK_CLK0 |                                                                                                                                                                            | conrtollernewdynamic2_i/ps7_0_axi_periph/s00_couplers/auto_pc/inst/gen_axilite.gen_b2s_conv.axilite_b2s/SI_REG/aw_pipe/s_ready_i_reg_0                |                3 |              4 |
|  conrtollernewdynamic2_i/processing_system7_0/inst/FCLK_CLK0 |                                                                                                                                                                            | conrtollernewdynamic2_i/ps7_0_axi_periph/s00_couplers/auto_pc/inst/gen_axilite.gen_b2s_conv.axilite_b2s/SI_REG/ar_pipe/m_valid_i_reg_0                |                3 |              4 |
|  conrtollernewdynamic2_i/processing_system7_0/inst/FCLK_CLK0 |                                                                                                                                                                            | conrtollernewdynamic2_i/rst_ps7_0_100M/U0/EXT_LPF/lpf_int                                                                                             |                2 |              4 |
|  conrtollernewdynamic2_i/processing_system7_0/inst/FCLK_CLK0 | conrtollernewdynamic2_i/ps7_0_axi_periph/s00_couplers/auto_pc/inst/gen_axilite.gen_b2s_conv.axilite_b2s/WR.aw_channel_0/cmd_translator_0/incr_cmd_0/axaddr_incr[0]_i_1_n_0 |                                                                                                                                                       |                1 |              4 |
|  conrtollernewdynamic2_i/processing_system7_0/inst/FCLK_CLK0 | conrtollernewdynamic2_i/ps7_0_axi_periph/s00_couplers/auto_pc/inst/gen_axilite.gen_b2s_conv.axilite_b2s/RD.ar_channel_0/ar_cmd_fsm_0/axaddr_incr_reg[11]                   |                                                                                                                                                       |                1 |              4 |
|  conrtollernewdynamic2_i/processing_system7_0/inst/FCLK_CLK0 | conrtollernewdynamic2_i/ps7_0_axi_periph/s00_couplers/auto_pc/inst/gen_axilite.gen_b2s_conv.axilite_b2s/RD.ar_channel_0/ar_cmd_fsm_0/axlen_cnt_reg[4][0]                   | conrtollernewdynamic2_i/ps7_0_axi_periph/s00_couplers/auto_pc/inst/gen_axilite.gen_b2s_conv.axilite_b2s/RD.ar_channel_0/ar_cmd_fsm_0/axlen_cnt_reg[7] |                2 |              4 |
|  conrtollernewdynamic2_i/processing_system7_0/inst/FCLK_CLK0 | conrtollernewdynamic2_i/ps7_0_axi_periph/s00_couplers/auto_pc/inst/gen_axilite.gen_b2s_conv.axilite_b2s/RD.ar_channel_0/ar_cmd_fsm_0/E[0]                                  |                                                                                                                                                       |                3 |              4 |
|  conrtollernewdynamic2_i/processing_system7_0/inst/FCLK_CLK0 | conrtollernewdynamic2_i/ps7_0_axi_periph/s00_couplers/auto_pc/inst/gen_axilite.gen_b2s_conv.axilite_b2s/WR.aw_channel_0/aw_cmd_fsm_0/E[0]                                  |                                                                                                                                                       |                3 |              4 |
|  conrtollernewdynamic2_i/processing_system7_0/inst/FCLK_CLK0 | conrtollernewdynamic2_i/ps7_0_axi_periph/s00_couplers/auto_pc/inst/gen_axilite.gen_b2s_conv.axilite_b2s/WR.aw_channel_0/aw_cmd_fsm_0/axaddr_wrap_reg[0]                    | conrtollernewdynamic2_i/ps7_0_axi_periph/s00_couplers/auto_pc/inst/gen_axilite.gen_b2s_conv.axilite_b2s/WR.aw_channel_0/aw_cmd_fsm_0/axlen_cnt_reg[7] |                1 |              4 |
|  conrtollernewdynamic2_i/processing_system7_0/inst/FCLK_CLK0 | conrtollernewdynamic2_i/rst_ps7_0_100M/U0/SEQ/seq_cnt_en                                                                                                                   | conrtollernewdynamic2_i/rst_ps7_0_100M/U0/SEQ/SEQ_COUNTER/clear                                                                                       |                1 |              6 |
|  conrtollernewdynamic2_i/processing_system7_0/inst/FCLK_CLK0 | conrtollernewdynamic2_i/newdynamics2_0/inst/newdynamics2_v1_0_S00_AXI_inst/slv_reg2[7]_i_1_n_0                                                                             | conrtollernewdynamic2_i/newdynamics2_0/inst/newdynamics2_v1_0_S00_AXI_inst/axi_awready_i_1_n_0                                                        |                6 |              8 |
|  conrtollernewdynamic2_i/processing_system7_0/inst/FCLK_CLK0 | conrtollernewdynamic2_i/newdynamics2_0/inst/newdynamics2_v1_0_S00_AXI_inst/slv_reg2[23]_i_1_n_0                                                                            | conrtollernewdynamic2_i/newdynamics2_0/inst/newdynamics2_v1_0_S00_AXI_inst/axi_awready_i_1_n_0                                                        |                6 |              8 |
|  conrtollernewdynamic2_i/processing_system7_0/inst/FCLK_CLK0 | conrtollernewdynamic2_i/newdynamics2_0/inst/newdynamics2_v1_0_S00_AXI_inst/slv_reg2[15]_i_1_n_0                                                                            | conrtollernewdynamic2_i/newdynamics2_0/inst/newdynamics2_v1_0_S00_AXI_inst/axi_awready_i_1_n_0                                                        |                3 |              8 |
|  conrtollernewdynamic2_i/processing_system7_0/inst/FCLK_CLK0 | conrtollernewdynamic2_i/newdynamics2_0/inst/newdynamics2_v1_0_S00_AXI_inst/slv_reg0[31]_i_1_n_0                                                                            | conrtollernewdynamic2_i/newdynamics2_0/inst/newdynamics2_v1_0_S00_AXI_inst/axi_awready_i_1_n_0                                                        |                2 |              8 |
|  conrtollernewdynamic2_i/processing_system7_0/inst/FCLK_CLK0 | conrtollernewdynamic2_i/newdynamics2_0/inst/newdynamics2_v1_0_S00_AXI_inst/slv_reg2[31]_i_1_n_0                                                                            | conrtollernewdynamic2_i/newdynamics2_0/inst/newdynamics2_v1_0_S00_AXI_inst/axi_awready_i_1_n_0                                                        |                2 |              8 |
|  conrtollernewdynamic2_i/processing_system7_0/inst/FCLK_CLK0 | conrtollernewdynamic2_i/newdynamics2_0/inst/newdynamics2_v1_0_S00_AXI_inst/slv_reg3[15]_i_1_n_0                                                                            | conrtollernewdynamic2_i/newdynamics2_0/inst/newdynamics2_v1_0_S00_AXI_inst/axi_awready_i_1_n_0                                                        |                3 |              8 |
|  conrtollernewdynamic2_i/processing_system7_0/inst/FCLK_CLK0 | conrtollernewdynamic2_i/newdynamics2_0/inst/newdynamics2_v1_0_S00_AXI_inst/slv_reg3[23]_i_1_n_0                                                                            | conrtollernewdynamic2_i/newdynamics2_0/inst/newdynamics2_v1_0_S00_AXI_inst/axi_awready_i_1_n_0                                                        |                4 |              8 |
|  conrtollernewdynamic2_i/processing_system7_0/inst/FCLK_CLK0 | conrtollernewdynamic2_i/newdynamics2_0/inst/newdynamics2_v1_0_S00_AXI_inst/slv_reg3[31]_i_1_n_0                                                                            | conrtollernewdynamic2_i/newdynamics2_0/inst/newdynamics2_v1_0_S00_AXI_inst/axi_awready_i_1_n_0                                                        |                2 |              8 |
|  conrtollernewdynamic2_i/processing_system7_0/inst/FCLK_CLK0 | conrtollernewdynamic2_i/newdynamics2_0/inst/newdynamics2_v1_0_S00_AXI_inst/slv_reg3[7]_i_1_n_0                                                                             | conrtollernewdynamic2_i/newdynamics2_0/inst/newdynamics2_v1_0_S00_AXI_inst/axi_awready_i_1_n_0                                                        |                5 |              8 |
|  conrtollernewdynamic2_i/processing_system7_0/inst/FCLK_CLK0 | conrtollernewdynamic2_i/ps7_0_axi_periph/s00_couplers/auto_pc/inst/gen_axilite.gen_b2s_conv.axilite_b2s/WR.b_channel_0/mhandshake_r                                        | conrtollernewdynamic2_i/ps7_0_axi_periph/s00_couplers/auto_pc/inst/gen_axilite.gen_b2s_conv.axilite_b2s/WR.b_channel_0/bid_fifo_0/SR[0]               |                2 |              8 |
|  conrtollernewdynamic2_i/processing_system7_0/inst/FCLK_CLK0 |                                                                                                                                                                            | conrtollernewdynamic2_i/newdynamics2_0/inst/newdynamics2_v1_0_S00_AXI_inst/axi_awready_i_1_n_0                                                        |                3 |             10 |
|  conrtollernewdynamic2_i/processing_system7_0/inst/FCLK_CLK0 | conrtollernewdynamic2_i/ps7_0_axi_periph/s00_couplers/auto_pc/inst/gen_axilite.gen_b2s_conv.axilite_b2s/RD.r_channel_0/r_push_r                                            |                                                                                                                                                       |                4 |             13 |
|  conrtollernewdynamic2_i/processing_system7_0/inst/FCLK_CLK0 | conrtollernewdynamic2_i/ps7_0_axi_periph/s00_couplers/auto_pc/inst/gen_axilite.gen_b2s_conv.axilite_b2s/RD.ar_channel_0/ar_cmd_fsm_0/axlen_cnt_reg[4][0]                   |                                                                                                                                                       |                5 |             13 |
|  conrtollernewdynamic2_i/processing_system7_0/inst/FCLK_CLK0 | conrtollernewdynamic2_i/ps7_0_axi_periph/s00_couplers/auto_pc/inst/gen_axilite.gen_b2s_conv.axilite_b2s/WR.aw_channel_0/aw_cmd_fsm_0/axaddr_wrap_reg[0]                    |                                                                                                                                                       |                6 |             13 |
|  conrtollernewdynamic2_i/processing_system7_0/inst/FCLK_CLK0 | conrtollernewdynamic2_i/ps7_0_axi_periph/s00_couplers/auto_pc/inst/gen_axilite.gen_b2s_conv.axilite_b2s/SI_REG/b_pipe/skid_buffer_reg[0]_0                                 |                                                                                                                                                       |                3 |             14 |
|  conrtollernewdynamic2_i/processing_system7_0/inst/FCLK_CLK0 | conrtollernewdynamic2_i/ps7_0_axi_periph/s00_couplers/auto_pc/inst/gen_axilite.gen_b2s_conv.axilite_b2s/SI_REG/b_pipe/p_1_in                                               |                                                                                                                                                       |                3 |             14 |
|  conrtollernewdynamic2_i/processing_system7_0/inst/FCLK_CLK0 | conrtollernewdynamic2_i/newdynamics2_0/inst/newdynamics2_v1_0_S00_AXI_inst/slv_reg0[7]_i_1_n_0                                                                             | conrtollernewdynamic2_i/newdynamics2_0/inst/newdynamics2_v1_0_S00_AXI_inst/axi_awready_i_1_n_0                                                        |               15 |             16 |
|  conrtollernewdynamic2_i/processing_system7_0/inst/FCLK_CLK0 | conrtollernewdynamic2_i/ps7_0_axi_periph/s00_couplers/auto_pc/inst/gen_axilite.gen_b2s_conv.axilite_b2s/WR.aw_channel_0/aw_cmd_fsm_0/b_push                                |                                                                                                                                                       |                3 |             16 |
|  conrtollernewdynamic2_i/processing_system7_0/inst/FCLK_CLK0 | conrtollernewdynamic2_i/ps7_0_axi_periph/s00_couplers/auto_pc/inst/gen_axilite.gen_b2s_conv.axilite_b2s/SI_REG/aw_pipe/s_axi_awready                                       |                                                                                                                                                       |                7 |             27 |
|  conrtollernewdynamic2_i/processing_system7_0/inst/FCLK_CLK0 | conrtollernewdynamic2_i/ps7_0_axi_periph/s00_couplers/auto_pc/inst/gen_axilite.gen_b2s_conv.axilite_b2s/SI_REG/ar_pipe/s_axi_arready                                       |                                                                                                                                                       |                6 |             27 |
|  conrtollernewdynamic2_i/processing_system7_0/inst/FCLK_CLK0 | conrtollernewdynamic2_i/ps7_0_axi_periph/s00_couplers/auto_pc/inst/gen_axilite.gen_b2s_conv.axilite_b2s/RD.ar_channel_0/ar_cmd_fsm_0/m_payload_i_reg[0]_1[0]               |                                                                                                                                                       |                6 |             27 |
|  conrtollernewdynamic2_i/processing_system7_0/inst/FCLK_CLK0 | conrtollernewdynamic2_i/ps7_0_axi_periph/s00_couplers/auto_pc/inst/gen_axilite.gen_b2s_conv.axilite_b2s/WR.aw_channel_0/aw_cmd_fsm_0/m_payload_i_reg[0][0]                 |                                                                                                                                                       |                7 |             27 |
|  conrtollernewdynamic2_i/processing_system7_0/inst/FCLK_CLK0 | conrtollernewdynamic2_i/newdynamics2_0/inst/newdynamics2_v1_0_S00_AXI_inst/slv_reg_rden__0                                                                                 | conrtollernewdynamic2_i/newdynamics2_0/inst/newdynamics2_v1_0_S00_AXI_inst/axi_awready_i_1_n_0                                                        |               19 |             32 |
|  conrtollernewdynamic2_i/processing_system7_0/inst/FCLK_CLK0 | conrtollernewdynamic2_i/ps7_0_axi_periph/s00_couplers/auto_pc/inst/gen_axilite.gen_b2s_conv.axilite_b2s/RD.r_channel_0/rd_data_fifo_0/wr_en0                               |                                                                                                                                                       |                9 |             34 |
|  conrtollernewdynamic2_i/processing_system7_0/inst/FCLK_CLK0 | conrtollernewdynamic2_i/ps7_0_axi_periph/s00_couplers/auto_pc/inst/gen_axilite.gen_b2s_conv.axilite_b2s/SI_REG/r_pipe/skid_buffer_reg[0]_0                                 |                                                                                                                                                       |                9 |             47 |
|  conrtollernewdynamic2_i/processing_system7_0/inst/FCLK_CLK0 | conrtollernewdynamic2_i/ps7_0_axi_periph/s00_couplers/auto_pc/inst/gen_axilite.gen_b2s_conv.axilite_b2s/SI_REG/r_pipe/p_1_in                                               |                                                                                                                                                       |                9 |             47 |
|  conrtollernewdynamic2_i/processing_system7_0/inst/FCLK_CLK0 |                                                                                                                                                                            | conrtollernewdynamic2_i/ps7_0_axi_periph/s00_couplers/auto_pc/inst/gen_axilite.gen_b2s_conv.axilite_b2s/areset_d1                                     |               10 |             56 |
|  conrtollernewdynamic2_i/processing_system7_0/inst/FCLK_CLK0 | conrtollernewdynamic2_i/newdynamics2_0/inst/newdynamics2_v1_0_S00_AXI_inst/slv_reg0[23]_i_1_n_0                                                                            | conrtollernewdynamic2_i/newdynamics2_0/inst/newdynamics2_v1_0_S00_AXI_inst/axi_awready_i_1_n_0                                                        |               75 |             84 |
|  conrtollernewdynamic2_i/processing_system7_0/inst/FCLK_CLK0 |                                                                                                                                                                            |                                                                                                                                                       |               37 |            102 |
|  conrtollernewdynamic2_i/processing_system7_0/inst/FCLK_CLK0 | conrtollernewdynamic2_i/newdynamics2_0/inst/newdynamics2_v1_0_S00_AXI_inst/slv_reg0[15]_i_1_n_0                                                                            | conrtollernewdynamic2_i/newdynamics2_0/inst/newdynamics2_v1_0_S00_AXI_inst/axi_awready_i_1_n_0                                                        |              140 |            164 |
+--------------------------------------------------------------+----------------------------------------------------------------------------------------------------------------------------------------------------------------------------+-------------------------------------------------------------------------------------------------------------------------------------------------------+------------------+----------------+


+--------+-----------------------+
| Fanout | Number of ControlSets |
+--------+-----------------------+
| 2      |                     1 |
| 4      |                     9 |
| 6      |                     1 |
| 8      |                    10 |
| 10     |                     1 |
| 13     |                     3 |
| 14     |                     2 |
| 16+    |                    14 |
+--------+-----------------------+


