Copyright 1986-2017 Xilinx, Inc. All Rights Reserved.
-----------------------------------------------------------------------------------------------------------------------------------------------------------------
| Tool Version : Vivado v.2017.1 (lin64) Build 1846317 Fri Apr 14 18:54:47 MDT 2017
| Date         : Fri Jun 30 14:40:53 2017
| Host         : fmlab3 running 64-bit Ubuntu 16.04.2 LTS
| Command      : report_methodology -file conrtollernewdynamic2_wrapper_methodology_drc_routed.rpt -rpx conrtollernewdynamic2_wrapper_methodology_drc_routed.rpx
| Design       : conrtollernewdynamic2_wrapper
| Device       : xc7z020clg484-1
| Speed File   : -1
| Design State : Routed
-----------------------------------------------------------------------------------------------------------------------------------------------------------------

Report Methodology

Table of Contents
-----------------
1. REPORT SUMMARY
2. REPORT DETAILS

1. REPORT SUMMARY
-----------------
            Netlist: netlist
          Floorplan: design_1
      Design limits: <entire design considered>
             Max violations: <unlimited>
             Violations found: 1
+-----------+----------+-----------------------+------------+
| Rule      | Severity | Description           | Violations |
+-----------+----------+-----------------------+------------+
| TIMING-16 | Warning  | Large setup violation | 1          |
+-----------+----------+-----------------------+------------+

2. REPORT DETAILS
-----------------
TIMING-16#1 Warning
Large setup violation  
There is a large setup violation of -1.054 ns between conrtollernewdynamic2_i/newdynamics2_0/inst/newdynamics2_v1_0_S00_AXI_inst/slv_reg0_reg[17]_rep__25/C (clocked by clk_fpga_0) and conrtollernewdynamic2_i/newdynamics2_0/inst/newdynamics2_v1_0_S00_AXI_inst/axi_rdata_reg[1]/D (clocked by clk_fpga_0). Large setup violations at the end of those stages might be difficult to fix during the post-placement implementation flow and could be the result of non-optimal XDC constraints or non-optimal design architecture
Related violations: <none>


